<?xml version="1.0" encoding="UTF-8" ?>
<testsuite tests="12" failures="0" name="cz.muni.fi.pb162.hw01.impl.SmartUrlTest" time="1.271" errors="0" skipped="0">
  <properties>
[...]
</properties>
  <testcase classname="cz.muni.fi.pb162.hw01.impl.SmartUrlTest" name="shouldNotHaveFragment" time="0.799"/>
  <testcase classname="cz.muni.fi.pb162.hw01.impl.SmartUrlTest" name="shouldHaveFragment" time="0.001"/>
  <testcase classname="cz.muni.fi.pb162.hw01.impl.SmartUrlTest" name="shouldStripTrailingSlash" time="0.075"/>
  <testcase classname="cz.muni.fi.pb162.hw01.impl.SmartUrlTest" name="shouldHavePath" time="0.002"/>
  <testcase classname="cz.muni.fi.pb162.hw01.impl.SmartUrlTest" name="shouldHaveNormalizedQuery" time="0.002"/>
  <testcase classname="cz.muni.fi.pb162.hw01.impl.SmartUrlTest" name="shouldHaveProtocol" time="0.002"/>
  <testcase classname="cz.muni.fi.pb162.hw01.impl.SmartUrlTest" name="shouldHaveDefaultPort" time="0.264"/>
  <testcase classname="cz.muni.fi.pb162.hw01.impl.SmartUrlTest" name="shouldNotBeEqualUrls" time="0.108"/>
  <testcase classname="cz.muni.fi.pb162.hw01.impl.SmartUrlTest" name="shouldBeEqualUrls" time="0.008"/>
  <testcase classname="cz.muni.fi.pb162.hw01.impl.SmartUrlTest" name="shouldNotHaveQuery" time="0.001"/>
  <testcase classname="cz.muni.fi.pb162.hw01.impl.SmartUrlTest" name="shouldNotHavePath" time="0.002"/>
  <testcase classname="cz.muni.fi.pb162.hw01.impl.SmartUrlTest" name="shouldHaveQuery" time="0.007"/>
</testsuite>